<?xml version="1.0" encoding="UTF-8"?>
<!-- Generated by org.testng.reporters.JUnitXMLReporter -->
<testsuite ignored="0" hostname="SARRAMAK-LAP" failures="0" tests="4" name="ParallelTest" time="248.698" errors="0" timestamp="2024-05-24T12:43:26 IST">
  <testcase classname="testCases.MyFirstTestNg" name="test1" time="0.01"/>
  <testcase classname="testCases.Sample2TestNG" name="f" time="0.001"/>
  <testcase classname="testCases.Tc_003_LoginDemo" name="test_login" time="0.338"/>
  <testcase classname="testCases.Tc_004_LoginDemo2" name="operations_login" time="0.272"/>
</testsuite> <!-- ParallelTest -->
