<?xml version="1.0" encoding="UTF-8"?>
<!-- Generated by org.testng.reporters.JUnitXMLReporter -->
<testsuite ignored="0" hostname="SARRAMAK-LAP" failures="0" tests="2" name="Test3" time="172.689" errors="0" timestamp="2024-05-17T12:43:52 IST">
  <testcase classname="testCases.Tc_004_LoginDemo2" name="operations_login" time="0.0">
    <skipped/>
  </testcase> <!-- operations_login -->
  <testcase classname="testCases.Tc_003_LoginDemo" name="test_login" time="0.0">
    <skipped/>
  </testcase> <!-- test_login -->
</testsuite> <!-- Test3 -->
