<?xml version="1.0" encoding="UTF-8"?>
<testng-results ignored="0" total="1" passed="1" failed="0" skipped="0">
  <reporter-output>
  </reporter-output>
  <suite started-at="2024-05-31T12:01:02 IST" name="Suite" finished-at="2024-05-31T12:03:02 IST" duration-ms="120745">
    <groups>
    </groups>
    <test started-at="2024-05-31T12:01:02 IST" name="Test" finished-at="2024-05-31T12:03:02 IST" duration-ms="120745">
      <class name="testCases.Tc_003_LoginDemo">
        <test-method is-config="true" signature="setup(java.lang.String)[pri:0, instance:testCases.Tc_003_LoginDemo@54422e18]" started-at="2024-05-31T12:01:02 IST" name="setup" finished-at="2024-05-31T12:03:02 IST" duration-ms="120404" status="PASS">
          <params>
            <param index="0">
              <value>
                <![CDATA[firefox]]>
              </value>
            </param>
          </params>
          <reporter-output>
          </reporter-output>
        </test-method> <!-- setup -->
        <test-method signature="test_login()[pri:0, instance:testCases.Tc_003_LoginDemo@54422e18]" started-at="2024-05-31T12:03:02 IST" name="test_login" finished-at="2024-05-31T12:03:02 IST" duration-ms="300" status="PASS">
          <reporter-output>
          </reporter-output>
        </test-method> <!-- test_login -->
      </class> <!-- testCases.Tc_003_LoginDemo -->
    </test> <!-- Test -->
  </suite> <!-- Suite -->
</testng-results>
